Arguments: 
  /usr/bin/node /mnt/c/Users/teste/AppData/Roaming/npm/node_modules/yarn/bin/yarn.js add vue bootstrap bootstrap-vue

PATH: 
  /home/mister/bin:/usr/local/sbin:/usr/local/bin:/usr/sbin:/usr/bin:/sbin:/bin:/usr/games:/usr/local/games:/usr/lib/wsl/lib:/mnt/c/Program Files (x86)/Common Files/Intel/Shared Libraries/redist/intel64/compiler:/mnt/c/Program Files (x86)/Common Files/Oracle/Java/javapath:/mnt/c/Windows/system32:/mnt/c/Windows:/mnt/c/Windows/System32/Wbem:/mnt/c/Windows/System32/WindowsPowerShell/v1.0/:/mnt/c/Windows/System32/OpenSSH/:/mnt/c/Program Files (x86)/Bitvise SSH Client:/mnt/c/Users/teste/Documents/flutter_windows_2.10.3-stable/flutter/bin:/mnt/c/Program Files/Microsoft SQL Server/150/Tools/Binn/:/mnt/c/Program Files/Git/cmd:/mnt/c/Program Files/nodejs/:/mnt/c/xampp/php:/mnt/c/composer:/mnt/c/Users/teste/AppData/Local/Microsoft/WindowsApps:/mnt/c/Users/teste/AppData/Local/Programs/Microsoft VS Code/bin:/mnt/c/Users/teste/AppData/Roaming/npm:/mnt/c/Users/teste/AppData/Roaming/Composer/vendor/bin:/mnt/c/Program Files/heroku/bin:/snap/bin:/usr/local/go/bin

Yarn version: 
  1.22.18

Node version: 
  8.10.0

Platform: 
  linux x64

Trace: 
  SyntaxError: /home/mister/bolerada67/package.json: Unexpected end of JSON input
      at JSON.parse (<anonymous>)
      at /mnt/c/Users/teste/AppData/Roaming/npm/node_modules/yarn/lib/cli.js:1625:59
      at Generator.next (<anonymous>)
      at step (/mnt/c/Users/teste/AppData/Roaming/npm/node_modules/yarn/lib/cli.js:310:30)
      at /mnt/c/Users/teste/AppData/Roaming/npm/node_modules/yarn/lib/cli.js:321:13
      at <anonymous>

npm manifest: 
  

yarn manifest: 
  No manifest

Lockfile: 
  No lockfile
